start: disk usage on /l:
+ df -h /l
Filesystem      Size  Used Avail Use% Mounted on
/dev/nvme0n1p1  880G  254G  581G  31% /
+ echo 'Run gradle test'
Run gradle test
+ /usr/bin/python3 -uO /l/util.nightly/src/python/runNightlyGradleTestPrecommit.py
***USING BIG LINE FILE***
Using java from: /usr/lib/jvm/java-24-openjdk/bin/
  gradle test log: /l/logs.nightly/ant_test/2025.05.14.lucene-tests.txt
  took: 1.9 min
  gradle precommit log: /l/logs.nightly/ant_test/2025.05.14.precommit.txt
  took: 1.0 min
+ echo 'Run lucene nightly'
Run lucene nightly
+ /usr/bin/python -uO /l/util.nightly/src/python/nightlyBench.py -run
***USING BIG LINE FILE***
Using java from: /usr/lib/jvm/java-24-openjdk/bin/
perf executable is /usr/sbin/perf; will collect aggregate CPU profiling data
GitHub pull request counts: 244 open, 2923 closed




[2025-05-14 14:25:54.317183] start
[2025-05-14 14:25:54.317269] log dir /l/logs.nightly/2025.05.14.14.25.54
javac full version "23.0.2+7-58"
javac 23.0.2
Traceback (most recent call last):
  File "/l/util.nightly/src/python/nightlyBench.py", line 2078, in <module>
    run()
    ~~~^^
  File "/l/util.nightly/src/python/nightlyBench.py", line 331, in run
    p = subprocess.run(f"{constants.JAVA_COMMAND} -XX:+PrintFlagsFinal -version", shell=True, stdout=subprocess.PIPE, stderr=subprocess.STDOUT, text=True, check=True)
  File "/usr/lib/python3.13/subprocess.py", line 577, in run
    raise CalledProcessError(retcode, process.args,
                             output=stdout, stderr=stderr)
subprocess.CalledProcessError: Command '/usr/lib/jvm/jdk-23.0.2/bin/javac -XX:+PrintFlagsFinal -version' returned non-zero exit status 2.
Traceback (most recent call last):
  File "/l/util.nightly/src/python/nightlyBench.py", line 2078, in <module>
    run()
    ~~~^^
  File "/l/util.nightly/src/python/nightlyBench.py", line 331, in run
    p = subprocess.run(f"{constants.JAVA_COMMAND} -XX:+PrintFlagsFinal -version", shell=True, stdout=subprocess.PIPE, stderr=subprocess.STDOUT, text=True, check=True)
  File "/usr/lib/python3.13/subprocess.py", line 577, in run
    raise CalledProcessError(retcode, process.args,
                             output=stdout, stderr=stderr)
subprocess.CalledProcessError: Command '/usr/lib/jvm/jdk-23.0.2/bin/javac -XX:+PrintFlagsFinal -version' returned non-zero exit status 2.

During handling of the above exception, another exception occurred:

Traceback (most recent call last):
  File "/l/util.nightly/src/python/nightlyBench.py", line 2085, in <module>
    sendEmail("mail@mikemccandless.com", "Nightly Lucene bench FAILED (%s)" % socket.gethostname(), "")
    ~~~~~~~~~^^^^^^^^^^^^^^^^^^^^^^^^^^^^^^^^^^^^^^^^^^^^^^^^^^^^^^^^^^^^^^^^^^^^^^^^^^^^^^^^^^^^^^^^^^
  File "/l/util.nightly/src/python/nightlyBench.py", line 2071, in sendEmail
    p = Popen(["/usr/sbin/sendmail", "-t"], stdin=PIPE)
  File "/usr/lib/python3.13/subprocess.py", line 1039, in __init__
    self._execute_child(args, executable, preexec_fn, close_fds,
    ~~~~~~~~~~~~~~~~~~~^^^^^^^^^^^^^^^^^^^^^^^^^^^^^^^^^^^^^^^^^
                        pass_fds, cwd, env,
                        ^^^^^^^^^^^^^^^^^^^
    ...<5 lines>...
                        gid, gids, uid, umask,
                        ^^^^^^^^^^^^^^^^^^^^^^
                        start_new_session, process_group)
                        ^^^^^^^^^^^^^^^^^^^^^^^^^^^^^^^^^
  File "/usr/lib/python3.13/subprocess.py", line 1854, in _execute_child
    self._posix_spawn(args, executable, env, restore_signals, close_fds,
    ~~~~~~~~~~~~~~~~~^^^^^^^^^^^^^^^^^^^^^^^^^^^^^^^^^^^^^^^^^^^^^^^^^^^
                      p2cread, p2cwrite,
                      ^^^^^^^^^^^^^^^^^^
                      c2pread, c2pwrite,
                      ^^^^^^^^^^^^^^^^^^
                      errread, errwrite)
                      ^^^^^^^^^^^^^^^^^^
  File "/usr/lib/python3.13/subprocess.py", line 1798, in _posix_spawn
    self.pid = os.posix_spawn(executable, args, env, **kwargs)
               ~~~~~~~~~~~~~~^^^^^^^^^^^^^^^^^^^^^^^^^^^^^^^^^
FileNotFoundError: [Errno 2] No such file or directory: '/usr/sbin/sendmail'
+ cp /l/logs.nightly/all.log /l/reports.nightly
